<?xml version="1.0" encoding="UTF-8"?>
<!-- Generated by org.testng.reporters.JUnitXMLReporter -->
<testsuite ignored="3" hostname="CHINNA" failures="0" tests="4" name="FirefoxTest" time="27.54" errors="0" timestamp="2025-12-06T07:29:11 IST">
  <testcase classname="tests.LoginTest" name="testLoginPageFactory" time="0.47"/>
  <testcase classname="tests.TC2" name="testFullFlowPageFactory" time="0.656"/>
  <testcase classname="tests.TC3" name="testFullCheckoutFlowPageFactory" time="1.108"/>
  <testcase classname="tests.TC4" name="testFullCheckoutFlow" time="3.295"/>
  <testcase classname="base.BaseTest" name="@AfterSuite generateReport" time="0.0">
    <ignored/>
  </testcase> <!-- @AfterSuite generateReport -->
  <testcase classname="base.BaseTest" name="@AfterSuite generateReport" time="0.0">
    <ignored/>
  </testcase> <!-- @AfterSuite generateReport -->
  <testcase classname="base.BaseTest" name="@AfterSuite generateReport" time="0.0">
    <ignored/>
  </testcase> <!-- @AfterSuite generateReport -->
</testsuite> <!-- FirefoxTest -->
