<?xml version="1.0" encoding="UTF-8"?>
<testng-results ignored="0" total="4" passed="4" failed="0" skipped="0">
  <reporter-output>
  </reporter-output>
  <suite started-at="2025-12-06T07:28:43 IST" name="SauceDemoSuite" finished-at="2025-12-06T07:29:11 IST" duration-ms="27540">
    <groups>
    </groups>
    <test started-at="2025-12-06T07:28:43 IST" name="FirefoxTest" finished-at="2025-12-06T07:29:11 IST" duration-ms="27540">
      <class name="tests.LoginTest">
        <test-method is-config="true" signature="setUp()[pri:0, instance:tests.LoginTest@4d5d943d]" started-at="2025-12-06T07:28:43 IST" name="setUp" finished-at="2025-12-06T07:28:48 IST" duration-ms="5089" status="PASS">
          <reporter-output>
          </reporter-output>
        </test-method> <!-- setUp -->
        <test-method signature="testLoginPageFactory()[pri:0, instance:tests.LoginTest@4d5d943d]" started-at="2025-12-06T07:28:48 IST" name="testLoginPageFactory" finished-at="2025-12-06T07:28:49 IST" duration-ms="470" status="PASS">
          <reporter-output>
          </reporter-output>
        </test-method> <!-- testLoginPageFactory -->
        <test-method is-config="true" signature="tearDown(org.testng.ITestResult)[pri:0, instance:tests.LoginTest@4d5d943d]" started-at="2025-12-06T07:28:49 IST" name="tearDown" finished-at="2025-12-06T07:28:50 IST" duration-ms="1177" status="PASS">
          <params>
            <param index="0">
              <value>
                <![CDATA[[TestResult name=testLoginPageFactory status=SUCCESS method=LoginTest.testLoginPageFactory()[pri:0, instance:tests.LoginTest@4d5d943d] output={null}]]]>
              </value>
            </param>
          </params>
          <reporter-output>
          </reporter-output>
        </test-method> <!-- tearDown -->
        <test-method is-config="true" signature="generateReport()[pri:0, instance:tests.LoginTest@4d5d943d]" started-at="2025-12-06T07:29:11 IST" name="generateReport" finished-at="2025-12-06T07:29:11 IST" duration-ms="279" status="PASS">
          <reporter-output>
          </reporter-output>
        </test-method> <!-- generateReport -->
      </class> <!-- tests.LoginTest -->
      <class name="tests.TC2">
        <test-method is-config="true" signature="setUp()[pri:0, instance:tests.TC2@71d44a3]" started-at="2025-12-06T07:28:50 IST" name="setUp" finished-at="2025-12-06T07:28:54 IST" duration-ms="3882" status="PASS">
          <reporter-output>
          </reporter-output>
        </test-method> <!-- setUp -->
        <test-method signature="testFullFlowPageFactory()[pri:0, instance:tests.TC2@71d44a3]" started-at="2025-12-06T07:28:54 IST" name="testFullFlowPageFactory" finished-at="2025-12-06T07:28:54 IST" duration-ms="656" status="PASS">
          <reporter-output>
          </reporter-output>
        </test-method> <!-- testFullFlowPageFactory -->
        <test-method is-config="true" signature="tearDown(org.testng.ITestResult)[pri:0, instance:tests.TC2@71d44a3]" started-at="2025-12-06T07:28:54 IST" name="tearDown" finished-at="2025-12-06T07:28:56 IST" duration-ms="1834" status="PASS">
          <params>
            <param index="0">
              <value>
                <![CDATA[[TestResult name=testFullFlowPageFactory status=SUCCESS method=TC2.testFullFlowPageFactory()[pri:0, instance:tests.TC2@71d44a3] output={null}]]]>
              </value>
            </param>
          </params>
          <reporter-output>
          </reporter-output>
        </test-method> <!-- tearDown -->
      </class> <!-- tests.TC2 -->
      <class name="tests.TC3">
        <test-method is-config="true" signature="setUp()[pri:0, instance:tests.TC3@7b98f307]" started-at="2025-12-06T07:28:56 IST" name="setUp" finished-at="2025-12-06T07:29:00 IST" duration-ms="3677" status="PASS">
          <reporter-output>
          </reporter-output>
        </test-method> <!-- setUp -->
        <test-method signature="testFullCheckoutFlowPageFactory()[pri:0, instance:tests.TC3@7b98f307]" started-at="2025-12-06T07:29:00 IST" name="testFullCheckoutFlowPageFactory" finished-at="2025-12-06T07:29:01 IST" duration-ms="1108" status="PASS">
          <reporter-output>
          </reporter-output>
        </test-method> <!-- testFullCheckoutFlowPageFactory -->
        <test-method is-config="true" signature="tearDown(org.testng.ITestResult)[pri:0, instance:tests.TC3@7b98f307]" started-at="2025-12-06T07:29:01 IST" name="tearDown" finished-at="2025-12-06T07:29:02 IST" duration-ms="1402" status="PASS">
          <params>
            <param index="0">
              <value>
                <![CDATA[[TestResult name=testFullCheckoutFlowPageFactory status=SUCCESS method=TC3.testFullCheckoutFlowPageFactory()[pri:0, instance:tests.TC3@7b98f307] output={null}]]]>
              </value>
            </param>
          </params>
          <reporter-output>
          </reporter-output>
        </test-method> <!-- tearDown -->
      </class> <!-- tests.TC3 -->
      <class name="tests.TC4">
        <test-method is-config="true" signature="setUp()[pri:0, instance:tests.TC4@4802796d]" started-at="2025-12-06T07:29:02 IST" name="setUp" finished-at="2025-12-06T07:29:06 IST" duration-ms="3720" status="PASS">
          <reporter-output>
          </reporter-output>
        </test-method> <!-- setUp -->
        <test-method signature="testFullCheckoutFlow()[pri:0, instance:tests.TC4@4802796d]" started-at="2025-12-06T07:29:06 IST" name="testFullCheckoutFlow" finished-at="2025-12-06T07:29:09 IST" duration-ms="3295" status="PASS">
          <reporter-output>
          </reporter-output>
        </test-method> <!-- testFullCheckoutFlow -->
        <test-method is-config="true" signature="tearDown(org.testng.ITestResult)[pri:0, instance:tests.TC4@4802796d]" started-at="2025-12-06T07:29:09 IST" name="tearDown" finished-at="2025-12-06T07:29:11 IST" duration-ms="1163" status="PASS">
          <params>
            <param index="0">
              <value>
                <![CDATA[[TestResult name=testFullCheckoutFlow status=SUCCESS method=TC4.testFullCheckoutFlow()[pri:0, instance:tests.TC4@4802796d] output={null}]]]>
              </value>
            </param>
          </params>
          <reporter-output>
          </reporter-output>
        </test-method> <!-- tearDown -->
      </class> <!-- tests.TC4 -->
    </test> <!-- FirefoxTest -->
  </suite> <!-- SauceDemoSuite -->
</testng-results>
